{"/Users/gaykw/bootcamp/ModuleChallenge010/SVGLogoMaker/lib/shapes.js": {"path":"/Users/gaykw/bootcamp/ModuleChallenge010/SVGLogoMaker/lib/shapes.js","statementMap":{"0":{"start":{"line":4,"column":6},"end":{"line":4,"column":33}},"1":{"start":{"line":5,"column":6},"end":{"line":5,"column":35}},"2":{"start":{"line":6,"column":6},"end":{"line":6,"column":31}},"3":{"start":{"line":7,"column":6},"end":{"line":7,"column":41}},"4":{"start":{"line":11,"column":8},"end":{"line":11,"column":97}},"5":{"start":{"line":15,"column":8},"end":{"line":15,"column":24}},"6":{"start":{"line":19,"column":19},"end":{"line":19,"column":21}},"7":{"start":{"line":20,"column":8},"end":{"line":20,"column":79}},"8":{"start":{"line":21,"column":8},"end":{"line":21,"column":127}},"9":{"start":{"line":22,"column":8},"end":{"line":22,"column":20}},"10":{"start":{"line":26,"column":8},"end":{"line":26,"column":32}},"11":{"start":{"line":30,"column":8},"end":{"line":30,"column":35}},"12":{"start":{"line":34,"column":8},"end":{"line":34,"column":29}},"13":{"start":{"line":42,"column":12},"end":{"line":48,"column":29}},"14":{"start":{"line":51,"column":12},"end":{"line":51,"column":192}},"15":{"start":{"line":59,"column":12},"end":{"line":59,"column":66}},"16":{"start":{"line":60,"column":12},"end":{"line":62,"column":31}},"17":{"start":{"line":65,"column":12},"end":{"line":65,"column":118}},"18":{"start":{"line":72,"column":12},"end":{"line":72,"column":66}},"19":{"start":{"line":73,"column":12},"end":{"line":73,"column":58}},"20":{"start":{"line":76,"column":12},"end":{"line":76,"column":88}},"21":{"start":{"line":82,"column":19},"end":{"line":82,"column":21}},"22":{"start":{"line":84,"column":8},"end":{"line":104,"column":9}},"23":{"start":{"line":85,"column":23},"end":{"line":85,"column":121}},"24":{"start":{"line":86,"column":12},"end":{"line":86,"column":46}},"25":{"start":{"line":87,"column":12},"end":{"line":87,"column":46}},"26":{"start":{"line":88,"column":12},"end":{"line":88,"column":50}},"27":{"start":{"line":89,"column":12},"end":{"line":89,"column":47}},"28":{"start":{"line":91,"column":13},"end":{"line":104,"column":9}},"29":{"start":{"line":92,"column":23},"end":{"line":92,"column":121}},"30":{"start":{"line":93,"column":12},"end":{"line":93,"column":46}},"31":{"start":{"line":94,"column":12},"end":{"line":94,"column":46}},"32":{"start":{"line":95,"column":12},"end":{"line":95,"column":50}},"33":{"start":{"line":96,"column":12},"end":{"line":96,"column":47}},"34":{"start":{"line":98,"column":13},"end":{"line":104,"column":9}},"35":{"start":{"line":99,"column":23},"end":{"line":99,"column":123}},"36":{"start":{"line":100,"column":12},"end":{"line":100,"column":46}},"37":{"start":{"line":101,"column":12},"end":{"line":101,"column":46}},"38":{"start":{"line":102,"column":12},"end":{"line":102,"column":50}},"39":{"start":{"line":103,"column":12},"end":{"line":103,"column":47}},"40":{"start":{"line":106,"column":8},"end":{"line":106,"column":20}},"41":{"start":{"line":109,"column":4},"end":{"line":109,"column":72}}},"fnMap":{"0":{"name":"(anonymous_0)","decl":{"start":{"line":3,"column":4},"end":{"line":3,"column":5}},"loc":{"start":{"line":3,"column":91},"end":{"line":8,"column":5}},"line":3},"1":{"name":"(anonymous_1)","decl":{"start":{"line":10,"column":4},"end":{"line":10,"column":5}},"loc":{"start":{"line":10,"column":20},"end":{"line":12,"column":5}},"line":10},"2":{"name":"(anonymous_2)","decl":{"start":{"line":14,"column":4},"end":{"line":14,"column":5}},"loc":{"start":{"line":14,"column":21},"end":{"line":16,"column":5}},"line":14},"3":{"name":"(anonymous_3)","decl":{"start":{"line":18,"column":4},"end":{"line":18,"column":5}},"loc":{"start":{"line":18,"column":17},"end":{"line":23,"column":5}},"line":18},"4":{"name":"(anonymous_4)","decl":{"start":{"line":25,"column":4},"end":{"line":25,"column":5}},"loc":{"start":{"line":25,"column":20},"end":{"line":27,"column":5}},"line":25},"5":{"name":"(anonymous_5)","decl":{"start":{"line":29,"column":4},"end":{"line":29,"column":5}},"loc":{"start":{"line":29,"column":24},"end":{"line":31,"column":5}},"line":29},"6":{"name":"(anonymous_6)","decl":{"start":{"line":33,"column":4},"end":{"line":33,"column":5}},"loc":{"start":{"line":33,"column":18},"end":{"line":35,"column":5}},"line":33},"7":{"name":"(anonymous_7)","decl":{"start":{"line":40,"column":8},"end":{"line":40,"column":9}},"loc":{"start":{"line":41,"column":79},"end":{"line":49,"column":9}},"line":41},"8":{"name":"(anonymous_8)","decl":{"start":{"line":50,"column":8},"end":{"line":50,"column":9}},"loc":{"start":{"line":50,"column":17},"end":{"line":52,"column":9}},"line":50},"9":{"name":"(anonymous_9)","decl":{"start":{"line":57,"column":8},"end":{"line":57,"column":9}},"loc":{"start":{"line":58,"column":46},"end":{"line":63,"column":9}},"line":58},"10":{"name":"(anonymous_10)","decl":{"start":{"line":64,"column":8},"end":{"line":64,"column":9}},"loc":{"start":{"line":64,"column":17},"end":{"line":66,"column":9}},"line":64},"11":{"name":"(anonymous_11)","decl":{"start":{"line":70,"column":8},"end":{"line":70,"column":9}},"loc":{"start":{"line":71,"column":33},"end":{"line":74,"column":9}},"line":71},"12":{"name":"(anonymous_12)","decl":{"start":{"line":75,"column":8},"end":{"line":75,"column":9}},"loc":{"start":{"line":75,"column":17},"end":{"line":77,"column":9}},"line":75},"13":{"name":"generateSVGData","decl":{"start":{"line":81,"column":13},"end":{"line":81,"column":28}},"loc":{"start":{"line":81,"column":39},"end":{"line":107,"column":5}},"line":81}},"branchMap":{"0":{"loc":{"start":{"line":3,"column":27},"end":{"line":3,"column":44}},"type":"default-arg","locations":[{"start":{"line":3,"column":38},"end":{"line":3,"column":44}}],"line":3},"1":{"loc":{"start":{"line":3,"column":46},"end":{"line":3,"column":66}},"type":"default-arg","locations":[{"start":{"line":3,"column":55},"end":{"line":3,"column":66}}],"line":3},"2":{"loc":{"start":{"line":3,"column":68},"end":{"line":3,"column":89}},"type":"default-arg","locations":[{"start":{"line":3,"column":82},"end":{"line":3,"column":89}}],"line":3},"3":{"loc":{"start":{"line":84,"column":8},"end":{"line":104,"column":9}},"type":"if","locations":[{"start":{"line":84,"column":8},"end":{"line":104,"column":9}},{"start":{"line":84,"column":8},"end":{"line":104,"column":9}}],"line":84},"4":{"loc":{"start":{"line":91,"column":13},"end":{"line":104,"column":9}},"type":"if","locations":[{"start":{"line":91,"column":13},"end":{"line":104,"column":9}},{"start":{"line":91,"column":13},"end":{"line":104,"column":9}}],"line":91},"5":{"loc":{"start":{"line":98,"column":13},"end":{"line":104,"column":9}},"type":"if","locations":[{"start":{"line":98,"column":13},"end":{"line":104,"column":9}},{"start":{"line":98,"column":13},"end":{"line":104,"column":9}}],"line":98}},"s":{"0":4,"1":4,"2":4,"3":4,"4":0,"5":0,"6":1,"7":1,"8":1,"9":1,"10":3,"11":0,"12":1,"13":1,"14":1,"15":1,"16":1,"17":1,"18":1,"19":1,"20":1,"21":0,"22":0,"23":0,"24":0,"25":0,"26":0,"27":0,"28":0,"29":0,"30":0,"31":0,"32":0,"33":0,"34":0,"35":0,"36":0,"37":0,"38":0,"39":0,"40":0,"41":4},"f":{"0":4,"1":0,"2":0,"3":1,"4":3,"5":0,"6":1,"7":1,"8":1,"9":1,"10":1,"11":1,"12":1,"13":0},"b":{"0":[4],"1":[4],"2":[4],"3":[0,0],"4":[0,0],"5":[0,0]},"_coverageSchema":"43e27e138ebf9cfc5966b082cf9a028302ed4184","hash":"83f17c01655e07c9c91a1a58c9a9430dbd567154"}
}
