{"/Users/gaykw/bootcamp/ModuleChallenge010/SVGLogoMaker/lib/shapes.js": {"path":"/Users/gaykw/bootcamp/ModuleChallenge010/SVGLogoMaker/lib/shapes.js","statementMap":{"0":{"start":{"line":4,"column":6},"end":{"line":4,"column":33}},"1":{"start":{"line":5,"column":6},"end":{"line":5,"column":35}},"2":{"start":{"line":6,"column":6},"end":{"line":6,"column":31}},"3":{"start":{"line":7,"column":6},"end":{"line":7,"column":41}},"4":{"start":{"line":11,"column":8},"end":{"line":11,"column":97}},"5":{"start":{"line":15,"column":8},"end":{"line":15,"column":24}},"6":{"start":{"line":19,"column":8},"end":{"line":19,"column":113}},"7":{"start":{"line":23,"column":8},"end":{"line":23,"column":32}},"8":{"start":{"line":27,"column":8},"end":{"line":27,"column":35}},"9":{"start":{"line":31,"column":8},"end":{"line":31,"column":29}},"10":{"start":{"line":39,"column":12},"end":{"line":45,"column":29}},"11":{"start":{"line":48,"column":12},"end":{"line":48,"column":192}},"12":{"start":{"line":56,"column":12},"end":{"line":56,"column":66}},"13":{"start":{"line":57,"column":12},"end":{"line":59,"column":31}},"14":{"start":{"line":62,"column":12},"end":{"line":62,"column":118}},"15":{"start":{"line":69,"column":12},"end":{"line":69,"column":66}},"16":{"start":{"line":70,"column":12},"end":{"line":70,"column":58}},"17":{"start":{"line":73,"column":12},"end":{"line":73,"column":88}},"18":{"start":{"line":79,"column":19},"end":{"line":79,"column":21}},"19":{"start":{"line":81,"column":8},"end":{"line":101,"column":9}},"20":{"start":{"line":82,"column":23},"end":{"line":82,"column":121}},"21":{"start":{"line":83,"column":12},"end":{"line":83,"column":46}},"22":{"start":{"line":84,"column":12},"end":{"line":84,"column":46}},"23":{"start":{"line":85,"column":12},"end":{"line":85,"column":50}},"24":{"start":{"line":86,"column":12},"end":{"line":86,"column":47}},"25":{"start":{"line":88,"column":13},"end":{"line":101,"column":9}},"26":{"start":{"line":89,"column":23},"end":{"line":89,"column":121}},"27":{"start":{"line":90,"column":12},"end":{"line":90,"column":46}},"28":{"start":{"line":91,"column":12},"end":{"line":91,"column":46}},"29":{"start":{"line":92,"column":12},"end":{"line":92,"column":50}},"30":{"start":{"line":93,"column":12},"end":{"line":93,"column":47}},"31":{"start":{"line":95,"column":13},"end":{"line":101,"column":9}},"32":{"start":{"line":96,"column":23},"end":{"line":96,"column":123}},"33":{"start":{"line":97,"column":12},"end":{"line":97,"column":46}},"34":{"start":{"line":98,"column":12},"end":{"line":98,"column":46}},"35":{"start":{"line":99,"column":12},"end":{"line":99,"column":50}},"36":{"start":{"line":100,"column":12},"end":{"line":100,"column":47}},"37":{"start":{"line":103,"column":8},"end":{"line":103,"column":20}},"38":{"start":{"line":106,"column":4},"end":{"line":106,"column":65}}},"fnMap":{"0":{"name":"(anonymous_0)","decl":{"start":{"line":3,"column":4},"end":{"line":3,"column":5}},"loc":{"start":{"line":3,"column":91},"end":{"line":8,"column":5}},"line":3},"1":{"name":"(anonymous_1)","decl":{"start":{"line":10,"column":4},"end":{"line":10,"column":5}},"loc":{"start":{"line":10,"column":20},"end":{"line":12,"column":5}},"line":10},"2":{"name":"(anonymous_2)","decl":{"start":{"line":14,"column":4},"end":{"line":14,"column":5}},"loc":{"start":{"line":14,"column":21},"end":{"line":16,"column":5}},"line":14},"3":{"name":"(anonymous_3)","decl":{"start":{"line":18,"column":4},"end":{"line":18,"column":5}},"loc":{"start":{"line":18,"column":17},"end":{"line":20,"column":5}},"line":18},"4":{"name":"(anonymous_4)","decl":{"start":{"line":22,"column":4},"end":{"line":22,"column":5}},"loc":{"start":{"line":22,"column":20},"end":{"line":24,"column":5}},"line":22},"5":{"name":"(anonymous_5)","decl":{"start":{"line":26,"column":4},"end":{"line":26,"column":5}},"loc":{"start":{"line":26,"column":24},"end":{"line":28,"column":5}},"line":26},"6":{"name":"(anonymous_6)","decl":{"start":{"line":30,"column":4},"end":{"line":30,"column":5}},"loc":{"start":{"line":30,"column":18},"end":{"line":32,"column":5}},"line":30},"7":{"name":"(anonymous_7)","decl":{"start":{"line":37,"column":8},"end":{"line":37,"column":9}},"loc":{"start":{"line":38,"column":79},"end":{"line":46,"column":9}},"line":38},"8":{"name":"(anonymous_8)","decl":{"start":{"line":47,"column":8},"end":{"line":47,"column":9}},"loc":{"start":{"line":47,"column":17},"end":{"line":49,"column":9}},"line":47},"9":{"name":"(anonymous_9)","decl":{"start":{"line":54,"column":8},"end":{"line":54,"column":9}},"loc":{"start":{"line":55,"column":46},"end":{"line":60,"column":9}},"line":55},"10":{"name":"(anonymous_10)","decl":{"start":{"line":61,"column":8},"end":{"line":61,"column":9}},"loc":{"start":{"line":61,"column":17},"end":{"line":63,"column":9}},"line":61},"11":{"name":"(anonymous_11)","decl":{"start":{"line":67,"column":8},"end":{"line":67,"column":9}},"loc":{"start":{"line":68,"column":33},"end":{"line":71,"column":9}},"line":68},"12":{"name":"(anonymous_12)","decl":{"start":{"line":72,"column":8},"end":{"line":72,"column":9}},"loc":{"start":{"line":72,"column":17},"end":{"line":74,"column":9}},"line":72},"13":{"name":"generateSVGData","decl":{"start":{"line":78,"column":13},"end":{"line":78,"column":28}},"loc":{"start":{"line":78,"column":39},"end":{"line":104,"column":5}},"line":78}},"branchMap":{"0":{"loc":{"start":{"line":3,"column":27},"end":{"line":3,"column":44}},"type":"default-arg","locations":[{"start":{"line":3,"column":38},"end":{"line":3,"column":44}}],"line":3},"1":{"loc":{"start":{"line":3,"column":46},"end":{"line":3,"column":66}},"type":"default-arg","locations":[{"start":{"line":3,"column":55},"end":{"line":3,"column":66}}],"line":3},"2":{"loc":{"start":{"line":3,"column":68},"end":{"line":3,"column":89}},"type":"default-arg","locations":[{"start":{"line":3,"column":82},"end":{"line":3,"column":89}}],"line":3},"3":{"loc":{"start":{"line":81,"column":8},"end":{"line":101,"column":9}},"type":"if","locations":[{"start":{"line":81,"column":8},"end":{"line":101,"column":9}},{"start":{"line":81,"column":8},"end":{"line":101,"column":9}}],"line":81},"4":{"loc":{"start":{"line":88,"column":13},"end":{"line":101,"column":9}},"type":"if","locations":[{"start":{"line":88,"column":13},"end":{"line":101,"column":9}},{"start":{"line":88,"column":13},"end":{"line":101,"column":9}}],"line":88},"5":{"loc":{"start":{"line":95,"column":13},"end":{"line":101,"column":9}},"type":"if","locations":[{"start":{"line":95,"column":13},"end":{"line":101,"column":9}},{"start":{"line":95,"column":13},"end":{"line":101,"column":9}}],"line":95}},"s":{"0":3,"1":3,"2":3,"3":3,"4":0,"5":0,"6":0,"7":3,"8":0,"9":0,"10":1,"11":1,"12":1,"13":1,"14":1,"15":1,"16":1,"17":1,"18":0,"19":0,"20":0,"21":0,"22":0,"23":0,"24":0,"25":0,"26":0,"27":0,"28":0,"29":0,"30":0,"31":0,"32":0,"33":0,"34":0,"35":0,"36":0,"37":0,"38":3},"f":{"0":3,"1":0,"2":0,"3":0,"4":3,"5":0,"6":0,"7":1,"8":1,"9":1,"10":1,"11":1,"12":1,"13":0},"b":{"0":[3],"1":[3],"2":[3],"3":[0,0],"4":[0,0],"5":[0,0]},"_coverageSchema":"43e27e138ebf9cfc5966b082cf9a028302ed4184","hash":"08b837673c968167458b77d5ff8141a72f560b22"}
}
