TN:
SF:/Users/gaykw/bootcamp/ModuleChallenge010/SVGLogoMaker/lib/shapes.js
FN:3,(anonymous_0)
FN:10,(anonymous_1)
FN:14,(anonymous_2)
FN:18,(anonymous_3)
FN:22,(anonymous_4)
FN:26,(anonymous_5)
FN:30,(anonymous_6)
FN:37,(anonymous_7)
FN:47,(anonymous_8)
FN:54,(anonymous_9)
FN:61,(anonymous_10)
FN:67,(anonymous_11)
FN:72,(anonymous_12)
FN:78,generateSVGData
FNF:14
FNH:8
FNDA:3,(anonymous_0)
FNDA:0,(anonymous_1)
FNDA:0,(anonymous_2)
FNDA:0,(anonymous_3)
FNDA:3,(anonymous_4)
FNDA:0,(anonymous_5)
FNDA:0,(anonymous_6)
FNDA:1,(anonymous_7)
FNDA:1,(anonymous_8)
FNDA:1,(anonymous_9)
FNDA:1,(anonymous_10)
FNDA:1,(anonymous_11)
FNDA:1,(anonymous_12)
FNDA:0,generateSVGData
DA:4,3
DA:5,3
DA:6,3
DA:7,3
DA:11,0
DA:15,0
DA:19,0
DA:23,3
DA:27,0
DA:31,0
DA:39,1
DA:48,1
DA:56,1
DA:57,1
DA:62,1
DA:69,1
DA:70,1
DA:73,1
DA:79,0
DA:81,0
DA:82,0
DA:83,0
DA:84,0
DA:85,0
DA:86,0
DA:88,0
DA:89,0
DA:90,0
DA:91,0
DA:92,0
DA:93,0
DA:95,0
DA:96,0
DA:97,0
DA:98,0
DA:99,0
DA:100,0
DA:103,0
DA:106,3
LF:39
LH:14
BRDA:3,0,0,3
BRDA:3,1,0,3
BRDA:3,2,0,3
BRDA:81,3,0,0
BRDA:81,3,1,0
BRDA:88,4,0,0
BRDA:88,4,1,0
BRDA:95,5,0,0
BRDA:95,5,1,0
BRF:9
BRH:3
end_of_record
