TN:
SF:/Users/gaykw/bootcamp/ModuleChallenge010/SVGLogoMaker/lib/shapes.js
FN:3,(anonymous_0)
FN:10,(anonymous_1)
FN:14,(anonymous_2)
FN:18,(anonymous_3)
FN:25,(anonymous_4)
FN:29,(anonymous_5)
FN:33,(anonymous_6)
FN:37,(anonymous_7)
FN:41,(anonymous_8)
FN:45,(anonymous_9)
FN:52,(anonymous_10)
FN:62,(anonymous_11)
FN:69,(anonymous_12)
FN:76,(anonymous_13)
FN:82,(anonymous_14)
FN:87,(anonymous_15)
FN:93,generateSVGData
FNF:17
FNH:4
FNDA:1,(anonymous_0)
FNDA:0,(anonymous_1)
FNDA:0,(anonymous_2)
FNDA:1,(anonymous_3)
FNDA:0,(anonymous_4)
FNDA:0,(anonymous_5)
FNDA:1,(anonymous_6)
FNDA:0,(anonymous_7)
FNDA:1,(anonymous_8)
FNDA:0,(anonymous_9)
FNDA:0,(anonymous_10)
FNDA:0,(anonymous_11)
FNDA:0,(anonymous_12)
FNDA:0,(anonymous_13)
FNDA:0,(anonymous_14)
FNDA:0,(anonymous_15)
FNDA:0,generateSVGData
DA:4,1
DA:5,1
DA:6,1
DA:7,1
DA:11,0
DA:15,0
DA:19,1
DA:20,1
DA:21,1
DA:22,1
DA:26,0
DA:30,0
DA:34,1
DA:38,0
DA:42,1
DA:46,0
DA:54,0
DA:63,0
DA:71,0
DA:72,0
DA:77,0
DA:84,0
DA:85,0
DA:88,0
DA:94,0
DA:96,0
DA:97,0
DA:98,0
DA:99,0
DA:100,0
DA:101,0
DA:103,0
DA:104,0
DA:105,0
DA:106,0
DA:107,0
DA:108,0
DA:110,0
DA:111,0
DA:112,0
DA:113,0
DA:114,0
DA:115,0
DA:118,0
DA:121,1
LF:45
LH:11
BRDA:3,0,0,1
BRDA:3,1,0,1
BRDA:3,2,0,1
BRDA:96,3,0,0
BRDA:96,3,1,0
BRDA:103,4,0,0
BRDA:103,4,1,0
BRDA:110,5,0,0
BRDA:110,5,1,0
BRF:9
BRH:3
end_of_record
